#
# There is insufficient memory for the Java Runtime Environment to continue.
# Native memory allocation (malloc) failed to allocate 32744 bytes for ChunkPool::allocate
# Possible reasons:
#   The system is out of physical RAM or swap space
#   In 32 bit mode, the process size limit was hit
# Possible solutions:
#   Reduce memory load on the system
#   Increase physical memory or swap space
#   Check if swap backing store is full
#   Use 64 bit Java on a 64 bit OS
#   Decrease Java heap size (-Xmx/-Xms)
#   Decrease number of Java threads
#   Decrease Java thread stack sizes (-Xss)
#   Set larger code cache with -XX:ReservedCodeCacheSize=
# This output file may be truncated or incomplete.
#
#  Out of Memory Error (allocation.cpp:273), pid=13832, tid=0x00000000000031dc
#
# JRE version: Java(TM) SE Runtime Environment (8.0_112-b15) (build 1.8.0_112-b15)
# Java VM: Java HotSpot(TM) 64-Bit Server VM (25.112-b15 mixed mode windows-amd64 compressed oops)
# Failed to write core dump. Minidumps are not enabled by default on client versions of Windows
#

---------------  T H R E A D  ---------------

Current thread (0x000000001c3d3800):  JavaThread "C2 CompilerThread1" daemon [_thread_in_native, id=12764, stack(0x000000001db10000,0x000000001dc10000)]

Stack: [0x000000001db10000,0x000000001dc10000]
[error occurred during error reporting (printing stack bounds), id 0xc0000005]

Native frames: (J=compiled Java code, j=interpreted, Vv=VM code, C=native code)


Current CompileTask:
C2:  30844 3087 %     4       com.android.dx.ssa.DomFront::run @ 27 (60 bytes)


---------------  P R O C E S S  ---------------

Java Threads: ( => current thread )
  0x000000001e71b800 JavaThread "pool-2-thread-4" [_thread_in_Java, id=1256, stack(0x000000001fee0000,0x000000001ffe0000)]
  0x000000001e657000 JavaThread "pool-2-thread-3" [_thread_blocked, id=1224, stack(0x000000001fde0000,0x000000001fee0000)]
  0x000000001e0bd800 JavaThread "pool-2-thread-2" [_thread_in_Java, id=13680, stack(0x000000001fce0000,0x000000001fde0000)]
  0x000000001e8f7000 JavaThread "pool-3-thread-1" [_thread_blocked, id=14128, stack(0x000000001fbe0000,0x000000001fce0000)]
  0x000000001e5f8800 JavaThread "pool-2-thread-1" [_thread_in_Java, id=14156, stack(0x000000001fae0000,0x000000001fbe0000)]
  0x000000001c42e800 JavaThread "Service Thread" daemon [_thread_blocked, id=6972, stack(0x000000001e110000,0x000000001e210000)]
  0x000000001c3d7000 JavaThread "C1 CompilerThread2" daemon [_thread_blocked, id=13016, stack(0x000000001dc10000,0x000000001dd10000)]
=>0x000000001c3d3800 JavaThread "C2 CompilerThread1" daemon [_thread_in_native, id=12764, stack(0x000000001db10000,0x000000001dc10000)]
  0x000000001c3d0800 JavaThread "C2 CompilerThread0" daemon [_thread_in_native, id=13736, stack(0x000000001da10000,0x000000001db10000)]
  0x000000001c3cc800 JavaThread "Attach Listener" daemon [_thread_blocked, id=13208, stack(0x000000001d910000,0x000000001da10000)]
  0x000000001c3cb000 JavaThread "Signal Dispatcher" daemon [_thread_blocked, id=5740, stack(0x000000001d810000,0x000000001d910000)]
  0x000000001c3b8800 JavaThread "Finalizer" daemon [_thread_blocked, id=10972, stack(0x000000001d620000,0x000000001d720000)]
  0x0000000002cf1000 JavaThread "Reference Handler" daemon [_thread_blocked, id=352, stack(0x000000001d520000,0x000000001d620000)]
  0x0000000002c00800 JavaThread "main" [_thread_in_Java, id=10984, stack(0x0000000002a50000,0x0000000002b50000)]

Other Threads:
  0x000000001c397000 VMThread [stack: 0x000000001d420000,0x000000001d520000] [id=7380]
  0x000000001c3df800 WatcherThread [stack: 0x000000001e210000,0x000000001e310000] [id=13636]

VM state:not at safepoint (normal execution)

VM Mutex/Monitor currently owned by a thread: None

Heap:
 PSYoungGen      total 639488K, used 307791K [0x000000076ab00000, 0x000000079d780000, 0x00000007c0000000)
  eden space 455168K, 67% used [0x000000076ab00000,0x000000077d793ce0,0x0000000786780000)
  from space 184320K, 0% used [0x0000000786780000,0x0000000786780000,0x0000000791b80000)
  to   space 178688K, 0% used [0x0000000791b80000,0x0000000791b80000,0x000000079ca00000)
 ParOldGen       total 602112K, used 601852K [0x00000006c0000000, 0x00000006e4c00000, 0x000000076ab00000)
  object space 602112K, 99% used [0x00000006c0000000,0x00000006e4bbf140,0x00000006e4c00000)
 Metaspace       used 6691K, capacity 7384K, committed 7680K, reserved 1056768K
  class space    used 639K, capacity 656K, committed 768K, reserved 1048576K

Card table byte_map: [0x00000000120c0000,0x00000000128d0000] byte_map_base: 0x000000000eac0000

Marking Bits: (ParMarkBitMap*) 0x00000000567ea6d0
 Begin Bits: [0x0000000013230000, 0x0000000017230000)
 End Bits:   [0x0000000017230000, 0x000000001b230000)

Polling page: 0x0000000000df0000

CodeCache: size=245760Kb used=11639Kb max_used=14285Kb free=234120Kb
 bounds [0x0000000002d00000, 0x0000000003b10000, 0x0000000011d00000]
 total_blobs=2636 nmethods=2368 adapters=180
 compilation: enabled

Compilation events (10 events):
Event: 30.490 Thread 0x000000001c3d0800 3085       4       com.android.dx.ssa.SetFactory::makeDomFrontSet (26 bytes)
Event: 30.490 Thread 0x000000001c3d7000 3086       3       com.android.dx.util.ListIntSet::<init> (23 bytes)
Event: 30.490 Thread 0x000000001c3d3800 3087 %     4       com.android.dx.ssa.DomFront::run @ 27 (60 bytes)
Event: 30.491 Thread 0x000000001c3d7000 nmethod 3086 0x00000000031b9510 code [0x00000000031b96e0, 0x00000000031b9dd8]
Event: 30.498 Thread 0x000000001c3d0800 nmethod 3085 0x00000000033b9e50 code [0x00000000033b9fc0, 0x00000000033ba2f8]
Event: 30.498 Thread 0x000000001c3d0800 3089       4       com.android.dx.util.ListIntSet::<init> (23 bytes)
Event: 30.501 Thread 0x000000001c3d0800 nmethod 3089 0x00000000032858d0 code [0x0000000003285a20, 0x0000000003285bb8]
Event: 30.501 Thread 0x000000001c3d0800 3088       4       com.android.dx.util.IntList::<init> (6 bytes)
Event: 30.504 Thread 0x000000001c3d0800 nmethod 3088 0x000000000329aa90 code [0x000000000329abe0, 0x000000000329acf8]
Event: 30.504 Thread 0x000000001c3d0800 3090 %     4       com.android.dx.ssa.DomFront::calcDomFronts @ 10 (154 bytes)

GC Heap History (10 events):
Event: 21.078 GC heap before
{Heap before GC invocations=23 (full 5):
 PSYoungGen      total 633856K, used 108399K [0x000000076ab00000, 0x000000079d780000, 0x00000007c0000000)
  eden space 455168K, 0% used [0x000000076ab00000,0x000000076ab00000,0x0000000786780000)
  from space 178688K, 60% used [0x0000000791b80000,0x000000079855be40,0x000000079ca00000)
  to   space 184320K, 0% used [0x0000000786780000,0x0000000786780000,0x0000000791b80000)
 ParOldGen       total 396288K, used 396234K [0x00000006c0000000, 0x00000006d8300000, 0x000000076ab00000)
  object space 396288K, 99% used [0x00000006c0000000,0x00000006d82f29a8,0x00000006d8300000)
 Metaspace       used 6682K, capacity 7384K, committed 7680K, reserved 1056768K
  class space    used 638K, capacity 656K, committed 768K, reserved 1048576K
Event: 23.016 GC heap after
Heap after GC invocations=23 (full 5):
 PSYoungGen      total 633856K, used 104282K [0x000000076ab00000, 0x000000079d780000, 0x00000007c0000000)
  eden space 455168K, 0% used [0x000000076ab00000,0x000000076ab00000,0x0000000786780000)
  from space 178688K, 58% used [0x0000000791b80000,0x0000000798156838,0x000000079ca00000)
  to   space 184320K, 0% used [0x0000000786780000,0x0000000786780000,0x0000000791b80000)
 ParOldGen       total 396288K, used 396005K [0x00000006c0000000, 0x00000006d8300000, 0x000000076ab00000)
  object space 396288K, 99% used [0x00000006c0000000,0x00000006d82b9440,0x00000006d8300000)
 Metaspace       used 6682K, capacity 7384K, committed 7680K, reserved 1056768K
  class space    used 638K, capacity 656K, committed 768K, reserved 1048576K
}
Event: 24.161 GC heap before
{Heap before GC invocations=24 (full 6):
 PSYoungGen      total 633856K, used 559450K [0x000000076ab00000, 0x000000079d780000, 0x00000007c0000000)
  eden space 455168K, 100% used [0x000000076ab00000,0x0000000786780000,0x0000000786780000)
  from space 178688K, 58% used [0x0000000791b80000,0x0000000798156838,0x000000079ca00000)
  to   space 184320K, 0% used [0x0000000786780000,0x0000000786780000,0x0000000791b80000)
 ParOldGen       total 396288K, used 396005K [0x00000006c0000000, 0x00000006d8300000, 0x000000076ab00000)
  object space 396288K, 99% used [0x00000006c0000000,0x00000006d82b9440,0x00000006d8300000)
 Metaspace       used 6682K, capacity 7384K, committed 7680K, reserved 1056768K
  class space    used 638K, capacity 656K, committed 768K, reserved 1048576K
Event: 25.620 GC heap after
Heap after GC invocations=24 (full 6):
 PSYoungGen      total 633856K, used 166719K [0x000000076ab00000, 0x000000079d780000, 0x00000007c0000000)
  eden space 455168K, 36% used [0x000000076ab00000,0x0000000774dcfe20,0x0000000786780000)
  from space 178688K, 0% used [0x0000000791b80000,0x0000000791b80000,0x000000079ca00000)
  to   space 184320K, 0% used [0x0000000786780000,0x0000000786780000,0x0000000791b80000)
 ParOldGen       total 600064K, used 396151K [0x00000006c0000000, 0x00000006e4a00000, 0x000000076ab00000)
  object space 600064K, 66% used [0x00000006c0000000,0x00000006d82ddd88,0x00000006e4a00000)
 Metaspace       used 6682K, capacity 7384K, committed 7680K, reserved 1056768K
  class space    used 638K, capacity 656K, committed 768K, reserved 1048576K
}
Event: 26.216 GC heap before
{Heap before GC invocations=25 (full 6):
 PSYoungGen      total 633856K, used 455168K [0x000000076ab00000, 0x000000079d780000, 0x00000007c0000000)
  eden space 455168K, 100% used [0x000000076ab00000,0x0000000786780000,0x0000000786780000)
  from space 178688K, 0% used [0x0000000791b80000,0x0000000791b80000,0x000000079ca00000)
  to   space 184320K, 0% used [0x0000000786780000,0x0000000786780000,0x0000000791b80000)
 ParOldGen       total 600064K, used 396151K [0x00000006c0000000, 0x00000006e4a00000, 0x000000076ab00000)
  object space 600064K, 66% used [0x00000006c0000000,0x00000006d82ddd88,0x00000006e4a00000)
 Metaspace       used 6682K, capacity 7384K, committed 7680K, reserved 1056768K
  class space    used 638K, capacity 656K, committed 768K, reserved 1048576K
Event: 26.484 GC heap after
Heap after GC invocations=25 (full 6):
 PSYoungGen      total 639488K, used 166247K [0x000000076ab00000, 0x000000079d780000, 0x00000007c0000000)
  eden space 455168K, 0% used [0x000000076ab00000,0x000000076ab00000,0x0000000786780000)
  from space 184320K, 90% used [0x0000000786780000,0x00000007909d9ca0,0x0000000791b80000)
  to   space 178688K, 0% used [0x0000000791b80000,0x0000000791b80000,0x000000079ca00000)
 ParOldGen       total 600064K, used 440625K [0x00000006c0000000, 0x00000006e4a00000, 0x000000076ab00000)
  object space 600064K, 73% used [0x00000006c0000000,0x00000006dae4c6c8,0x00000006e4a00000)
 Metaspace       used 6682K, capacity 7384K, committed 7680K, reserved 1056768K
  class space    used 638K, capacity 656K, committed 768K, reserved 1048576K
}
Event: 27.277 GC heap before
{Heap before GC invocations=26 (full 6):
 PSYoungGen      total 639488K, used 621415K [0x000000076ab00000, 0x000000079d780000, 0x00000007c0000000)
  eden space 455168K, 100% used [0x000000076ab00000,0x0000000786780000,0x0000000786780000)
  from space 184320K, 90% used [0x0000000786780000,0x00000007909d9ca0,0x0000000791b80000)
  to   space 178688K, 0% used [0x0000000791b80000,0x0000000791b80000,0x000000079ca00000)
 ParOldGen       total 600064K, used 440625K [0x00000006c0000000, 0x00000006e4a00000, 0x000000076ab00000)
  object space 600064K, 73% used [0x00000006c0000000,0x00000006dae4c6c8,0x00000006e4a00000)
 Metaspace       used 6682K, capacity 7384K, committed 7680K, reserved 1056768K
  class space    used 638K, capacity 656K, committed 768K, reserved 1048576K
Event: 27.796 GC heap after
Heap after GC invocations=26 (full 6):
 PSYoungGen      total 639488K, used 621415K [0x000000076ab00000, 0x000000079d780000, 0x00000007c0000000)
  eden space 455168K, 100% used [0x000000076ab00000,0x0000000786780000,0x0000000786780000)
  from space 184320K, 90% used [0x0000000786780000,0x00000007909d9ca0,0x0000000791b80000)
  to   space 178688K, 99% used [0x0000000791b80000,0x000000079c9fddf0,0x000000079ca00000)
 ParOldGen       total 602112K, used 602104K [0x00000006c0000000, 0x00000006e4c00000, 0x000000076ab00000)
  object space 602112K, 99% used [0x00000006c0000000,0x00000006e4bfe0f0,0x00000006e4c00000)
 Metaspace       used 6682K, capacity 7384K, committed 7680K, reserved 1056768K
  class space    used 638K, capacity 656K, committed 768K, reserved 1048576K
}
Event: 27.796 GC heap before
{Heap before GC invocations=27 (full 7):
 PSYoungGen      total 639488K, used 621415K [0x000000076ab00000, 0x000000079d780000, 0x00000007c0000000)
  eden space 455168K, 100% used [0x000000076ab00000,0x0000000786780000,0x0000000786780000)
  from space 184320K, 90% used [0x0000000786780000,0x00000007909d9ca0,0x0000000791b80000)
  to   space 178688K, 99% used [0x0000000791b80000,0x000000079c9fddf0,0x000000079ca00000)
 ParOldGen       total 602112K, used 602104K [0x00000006c0000000, 0x00000006e4c00000, 0x000000076ab00000)
  object space 602112K, 99% used [0x00000006c0000000,0x00000006e4bfe0f0,0x00000006e4c00000)
 Metaspace       used 6682K, capacity 7384K, committed 7680K, reserved 1056768K
  class space    used 638K, capacity 656K, committed 768K, reserved 1048576K
Event: 30.204 GC heap after
Heap after GC invocations=27 (full 7):
 PSYoungGen      total 639488K, used 183911K [0x000000076ab00000, 0x000000079d780000, 0x00000007c0000000)
  eden space 455168K, 40% used [0x000000076ab00000,0x0000000775e99e50,0x0000000786780000)
  from space 184320K, 0% used [0x0000000786780000,0x0000000786780000,0x0000000791b80000)
  to   space 178688K, 0% used [0x0000000791b80000,0x0000000791b80000,0x000000079ca00000)
 ParOldGen       total 602112K, used 601852K [0x00000006c0000000, 0x00000006e4c00000, 0x000000076ab00000)
  object space 602112K, 99% used [0x00000006c0000000,0x00000006e4bbf140,0x00000006e4c00000)
 Metaspace       used 6682K, capacity 7384K, committed 7680K, reserved 1056768K
  class space    used 638K, capacity 656K, committed 768K, reserved 1048576K
}

Deoptimization events (10 events):
Event: 16.885 Thread 0x000000001e71b800 Uncommon trap: reason=bimorphic action=maybe_recompile pc=0x000000000357e590 method=com.android.dx.cf.code.BytecodeArray.parseInstruction(ILcom/android/dx/cf/code/BytecodeArray$Visitor;)I @ 1867
Event: 16.890 Thread 0x000000001e71b800 Uncommon trap: reason=bimorphic action=maybe_recompile pc=0x000000000357e590 method=com.android.dx.cf.code.BytecodeArray.parseInstruction(ILcom/android/dx/cf/code/BytecodeArray$Visitor;)I @ 1867
Event: 17.994 Thread 0x000000001e5f8800 Uncommon trap: reason=class_check action=maybe_recompile pc=0x0000000003832248 method=com.android.dx.ssa.SCCP.replaceConstants()V @ 182
Event: 20.368 Thread 0x000000001e71b800 Uncommon trap: reason=bimorphic action=maybe_recompile pc=0x00000000037f4cd8 method=com.android.dx.cf.code.BytecodeArray.parseInstruction(ILcom/android/dx/cf/code/BytecodeArray$Visitor;)I @ 1747
Event: 20.369 Thread 0x000000001e71b800 Uncommon trap: reason=bimorphic action=maybe_recompile pc=0x00000000037f4cd8 method=com.android.dx.cf.code.BytecodeArray.parseInstruction(ILcom/android/dx/cf/code/BytecodeArray$Visitor;)I @ 1747
Event: 23.699 Thread 0x000000001e657000 Uncommon trap: reason=unstable_if action=reinterpret pc=0x00000000038d7db4 method=com.android.dx.cf.code.OneLocalsArray.set(ILcom/android/dx/rop/type/TypeBearer;)V @ 93
Event: 23.716 Thread 0x000000001e71b800 Uncommon trap: reason=null_check action=make_not_entrant pc=0x00000000038e67e0 method=com.android.dx.rop.cst.CstString.equals(Ljava/lang/Object;)Z @ 1
Event: 26.084 Thread 0x000000001e657000 Uncommon trap: reason=unstable_if action=reinterpret pc=0x000000000344d5bc method=java.util.TimSort.sort([Ljava/lang/Object;IILjava/util/Comparator;[Ljava/lang/Object;II)V @ 53
Event: 27.059 Thread 0x000000001e0bd800 Uncommon trap: reason=predicate action=maybe_recompile pc=0x0000000003946558 method=com.android.dx.ssa.DomFront.run()[Lcom/android/dx/ssa/DomFront$DomInfo; @ 32
Event: 27.059 Thread 0x000000001e71b800 Uncommon trap: reason=predicate action=maybe_recompile pc=0x0000000003946558 method=com.android.dx.ssa.DomFront.run()[Lcom/android/dx/ssa/DomFront$DomInfo; @ 32

Internal exceptions (10 events):
Event: 0.702 Thread 0x000000001e71b800 Implicit null exception at 0x00000000030b89e2 to 0x00000000030b8ae2
Event: 1.234 Thread 0x000000001e657000 Implicit null exception at 0x00000000030d5095 to 0x00000000030d6eb1
Event: 1.490 Thread 0x000000001e657000 Implicit null exception at 0x00000000032fef2d to 0x00000000032ff0f9
Event: 1.490 Thread 0x000000001e657000 Implicit null exception at 0x000000000329d5db to 0x000000000329e691
Event: 1.517 Thread 0x000000001e0bd800 Exception <a 'java/lang/ArrayIndexOutOfBoundsException': 18> (0x000000076c613858) thrown at [C:\re\workspace\8-2-build-windows-amd64-cygwin\jdk8u112\7884\hotspot\src\share\vm\interpreter\interpreterRuntime.cpp, line 366]
Event: 1.518 Thread 0x000000001e0bd800 Exception <a 'java/lang/ArrayIndexOutOfBoundsException'> (0x000000076c6153d8) thrown at [C:\re\workspace\8-2-build-windows-amd64-cygwin\jdk8u112\7884\hotspot\src\share\vm\runtime\sharedRuntime.cpp, line 605]
Event: 1.528 Thread 0x000000001e0bd800 Exception <a 'java/lang/ArrayIndexOutOfBoundsException'> (0x000000076c6166c0) thrown at [C:\re\workspace\8-2-build-windows-amd64-cygwin\jdk8u112\7884\hotspot\src\share\vm\runtime\sharedRuntime.cpp, line 605]
Event: 3.462 Thread 0x000000001e657000 Implicit null exception at 0x000000000361b460 to 0x0000000003624c81
Event: 9.917 Thread 0x0000000002c00800 Implicit null exception at 0x0000000002e7d950 to 0x0000000002e7e2cd
Event: 23.716 Thread 0x000000001e71b800 Implicit null exception at 0x00000000038e66cc to 0x00000000038e67d2

Events (10 events):
Event: 27.117 Executing VM operation: ParallelGCFailedAllocation
Event: 30.204 Executing VM operation: ParallelGCFailedAllocation done
Event: 30.204 Executing VM operation: RevokeBias
Event: 30.279 Executing VM operation: RevokeBias done
Event: 30.299 Thread 0x0000000002c00800 DEOPT PACKING pc=0x00000000032ebf67 sp=0x0000000002b4e8a0
Event: 30.299 Thread 0x0000000002c00800 DEOPT UNPACKING pc=0x0000000002d4787f sp=0x0000000002b4e5e0 mode 0
Event: 30.305 loading class com/android/dx/util/ListIntSet
Event: 30.319 loading class com/android/dx/util/ListIntSet done
Event: 30.482 Executing VM operation: Deoptimize
Event: 30.483 Executing VM operation: Deoptimize done


Dynamic libraries:
0x00007ff7ae6a0000 - 0x00007ff7ae6d7000 	C:\Program Files\Java\jdk1.8.0_112\bin\java.exe
0x00007ffc26290000 - 0x00007ffc2646b000 	C:\WINDOWS\SYSTEM32\ntdll.dll
0x00007ffc25a30000 - 0x00007ffc25ade000 	C:\WINDOWS\System32\KERNEL32.DLL
0x00007ffc231b0000 - 0x00007ffc233f9000 	C:\WINDOWS\System32\KERNELBASE.dll
0x00007ffc25f90000 - 0x00007ffc26031000 	C:\WINDOWS\System32\ADVAPI32.dll
0x00007ffc23a70000 - 0x00007ffc23b0d000 	C:\WINDOWS\System32\msvcrt.dll
0x00007ffc25ae0000 - 0x00007ffc25b39000 	C:\WINDOWS\System32\sechost.dll
0x00007ffc257a0000 - 0x00007ffc258c5000 	C:\WINDOWS\System32\RPCRT4.dll
0x00007ffc258d0000 - 0x00007ffc25a1a000 	C:\WINDOWS\System32\USER32.dll
0x00007ffc227b0000 - 0x00007ffc227ce000 	C:\WINDOWS\System32\win32u.dll
0x00007ffc253f0000 - 0x00007ffc25417000 	C:\WINDOWS\System32\GDI32.dll
0x00007ffc234a0000 - 0x00007ffc23628000 	C:\WINDOWS\System32\gdi32full.dll
0x00007ffc23400000 - 0x00007ffc2349a000 	C:\WINDOWS\System32\msvcp_win.dll
0x00007ffc23630000 - 0x00007ffc23726000 	C:\WINDOWS\System32\ucrtbase.dll
0x00007ffc1ac70000 - 0x00007ffc1aed7000 	C:\WINDOWS\WinSxS\amd64_microsoft.windows.common-controls_6595b64144ccf1df_6.0.15063.483_none_26002d27e7c744a2\COMCTL32.dll
0x00007ffc250f0000 - 0x00007ffc253e9000 	C:\WINDOWS\System32\combase.dll
0x00007ffc23730000 - 0x00007ffc2379a000 	C:\WINDOWS\System32\bcryptPrimitives.dll
0x00007ffc23860000 - 0x00007ffc2388d000 	C:\WINDOWS\System32\IMM32.DLL
0x0000000055b40000 - 0x0000000055c12000 	C:\Program Files\Java\jdk1.8.0_112\jre\bin\msvcr100.dll
0x0000000055fd0000 - 0x000000005686a000 	C:\Program Files\Java\jdk1.8.0_112\jre\bin\server\jvm.dll
0x00007ffc25f80000 - 0x00007ffc25f88000 	C:\WINDOWS\System32\PSAPI.DLL
0x00007ffc1c4b0000 - 0x00007ffc1c4d3000 	C:\WINDOWS\SYSTEM32\WINMM.dll
0x00007ffc1a1f0000 - 0x00007ffc1a1fa000 	C:\WINDOWS\SYSTEM32\VERSION.dll
0x00007ffc1f1e0000 - 0x00007ffc1f1e9000 	C:\WINDOWS\SYSTEM32\WSOCK32.dll
0x00007ffc237f0000 - 0x00007ffc2385c000 	C:\WINDOWS\System32\WS2_32.dll
0x00007ffc1c480000 - 0x00007ffc1c4ab000 	C:\WINDOWS\SYSTEM32\WINMMBASE.dll
0x00007ffc237a0000 - 0x00007ffc237e9000 	C:\WINDOWS\System32\cfgmgr32.dll
0x0000000055fc0000 - 0x0000000055fcf000 	C:\Program Files\Java\jdk1.8.0_112\jre\bin\verify.dll
0x0000000055f90000 - 0x0000000055fb9000 	C:\Program Files\Java\jdk1.8.0_112\jre\bin\java.dll
0x0000000055f70000 - 0x0000000055f86000 	C:\Program Files\Java\jdk1.8.0_112\jre\bin\zip.dll
0x00007ffc23cb0000 - 0x00007ffc250e7000 	C:\WINDOWS\System32\SHELL32.dll
0x00007ffc23890000 - 0x00007ffc2393a000 	C:\WINDOWS\System32\shcore.dll
0x00007ffc22a00000 - 0x00007ffc230f3000 	C:\WINDOWS\System32\windows.storage.dll
0x00007ffc26230000 - 0x00007ffc26281000 	C:\WINDOWS\System32\shlwapi.dll
0x00007ffc22750000 - 0x00007ffc22761000 	C:\WINDOWS\System32\kernel.appcore.dll
0x00007ffc22700000 - 0x00007ffc2274c000 	C:\WINDOWS\System32\powrprof.dll
0x00007ffc22790000 - 0x00007ffc227a5000 	C:\WINDOWS\System32\profapi.dll

VM Arguments:
jvm_args: -Djava.awt.headless=true -Xmx4g -Dfile.encoding=windows-1252 -Duser.country=GB -Duser.language=en -Duser.variant 
java_command: com.android.dx.command.Main --dex --num-threads=4 --multi-dex --main-dex-list E:\Workspace\chat\Chatview\app\build\intermediates\multi-dex\debug\maindexlist.txt --output E:\Workspace\chat\Chatview\app\build\intermediates\transforms\dex\debug\folders\1000\1f\main E:\Workspace\chat\Chatview\app\build\intermediates\transforms\jarMerging\debug\jars\1\1f\combined.jar
java_class_path (initial): C:\Users\mohsi\AppData\Local\Android\sdk\build-tools\26.0.1\lib\dx.jar
Launcher Type: SUN_STANDARD

Environment Variables:
PATH=C:\ProgramData\Oracle\Java\javapath;C:\WINDOWS\system32;C:\WINDOWS;C:\WINDOWS\System32\Wbem;C:\WINDOWS\System32\WindowsPowerShell\v1.0\;C:\Program Files\Java\jdk1.8.0_112\bin;C:\Program Files (x86)\Skype\Phone\;C:\Program Files\Git\cmd;C:\Users\mohsi\ssl\bin;C:\Users\mohsi\AppData\Local\Android\sdk\platform-tools;F:\Programs\Atom;C:\Users\mohsi\AppData\Local\Microsoft\WindowsApps;F:\Programs\Atom;
USERNAME=mohsi
OS=Windows_NT
PROCESSOR_IDENTIFIER=Intel64 Family 6 Model 94 Stepping 3, GenuineIntel



---------------  S Y S T E M  ---------------

OS: Windows 10.0 , 64 bit Build 15063 (10.0.15063.296)

CPU:total 4 (4 cores per cpu, 1 threads per core) family 6 model 94 stepping 3, cmov, cx8, fxsr, mmx, sse, sse2, sse3, ssse3, sse4.1, sse4.2, popcnt, avx, avx2, aes, clmul, erms, rtm, 3dnowpref, lzcnt, tsc, tscinvbit, bmi1, bmi2, adx

Memory: 4k page, physical 4029376k(701256k free), swap 12221376k(1836k free)

vm_info: Java HotSpot(TM) 64-Bit Server VM (25.112-b15) for windows-amd64 JRE (1.8.0_112-b15), built on Sep 22 2016 21:31:56 by "java_re" with MS VC++ 10.0 (VS2010)

time: Thu Aug 24 18:42:06 2017
elapsed time: 31 seconds (0d 0h 0m 31s)

